
nov 21, 2019 10:47:04.33 NEW SESSION
nov 21, 2019 10:47:04.33 [6860:1576:1121/094704.335:ERROR:connection_factory_impl.cc(417)] Failed to connect to MCS endpoint with error -118
nov 21, 2019 11:16:57.09 [6860:1576:1121/101657.091:ERROR:connection_factory_impl.cc(417)] Failed to connect to MCS endpoint with error -106
nov 21, 2019 11:17:23.37 [6860:1576:1121/101723.374:ERROR:connection_factory_impl.cc(417)] Failed to connect to MCS endpoint with error -106
nov 21, 2019 11:18:10.27 [6860:1576:1121/101810.271:ERROR:connection_factory_impl.cc(417)] Failed to connect to MCS endpoint with error -106
nov 21, 2019 11:19:51.86 [6860:1576:1121/101951.867:ERROR:connection_factory_impl.cc(417)] Failed to connect to MCS endpoint with error -106
nov 21, 2019 11:22:51.82 [6860:1576:1121/102251.829:ERROR:connection_factory_impl.cc(417)] Failed to connect to MCS endpoint with error -106
nov 21, 2019 11:30:29.92 [6860:1576:1121/103029.920:ERROR:connection_factory_impl.cc(417)] Failed to connect to MCS endpoint with error -106

nov 26, 2019 08:52:01.89 NEW SESSION
nov 26, 2019 08:52:01.89 [15552:18040:1126/075201.889:ERROR:connection_factory_impl.cc(417)] Failed to connect to MCS endpoint with error -106
nov 26, 2019 08:54:57.88 [17476:6740:1126/075457.884:ERROR:connection_factory_impl.cc(417)] Failed to connect to MCS endpoint with error -106
nov 26, 2019 08:55:25.64 [17476:6740:1126/075525.648:ERROR:connection_factory_impl.cc(417)] Failed to connect to MCS endpoint with error -106
nov 26, 2019 08:56:19.79 [17476:6740:1126/075619.793:ERROR:connection_factory_impl.cc(417)] Failed to connect to MCS endpoint with error -106
nov 26, 2019 08:58:16.35 [17476:6740:1126/075816.350:ERROR:connection_factory_impl.cc(417)] Failed to connect to MCS endpoint with error -106
nov 26, 2019 09:00:45.45 [17476:1148:1126/080045.454:ERROR:gcm_channel_status_request.cc(145)] GCM channel request failed.
nov 26, 2019 09:01:10.12 [17476:1148:1126/080110.125:ERROR:gcm_channel_status_request.cc(145)] GCM channel request failed.
nov 26, 2019 09:01:55.35 [17476:1148:1126/080155.354:ERROR:gcm_channel_status_request.cc(145)] GCM channel request failed.
nov 26, 2019 09:02:16.04 [17476:6740:1126/080216.040:ERROR:connection_factory_impl.cc(417)] Failed to connect to MCS endpoint with error -106
nov 26, 2019 09:03:47.11 [17476:1148:1126/080347.118:ERROR:gcm_channel_status_request.cc(145)] GCM channel request failed.
nov 26, 2019 09:07:19.29 [17476:1148:1126/080719.295:ERROR:gcm_channel_status_request.cc(145)] GCM channel request failed.
nov 26, 2019 09:08:07.04 [17476:6740:1126/080807.041:ERROR:connection_factory_impl.cc(417)] Failed to connect to MCS endpoint with error -106
nov 26, 2019 09:14:13.29 [4740:6376:1126/081413.296:ERROR:connection_factory_impl.cc(417)] Failed to connect to MCS endpoint with error -106
nov 26, 2019 09:14:42.29 [4740:6376:1126/081442.296:ERROR:connection_factory_impl.cc(417)] Failed to connect to MCS endpoint with error -106
nov 26, 2019 09:15:24.82 [4740:6376:1126/081524.828:ERROR:connection_factory_impl.cc(417)] Failed to connect to MCS endpoint with error -106
nov 26, 2019 09:16:51.63 [4740:6376:1126/081651.632:ERROR:connection_factory_impl.cc(417)] Failed to connect to MCS endpoint with error -106
nov 26, 2019 09:17:35.13 [4740:6376:1126/081735.132:ERROR:connection_factory_impl.cc(417)] Failed to connect to MCS endpoint with error -21
nov 26, 2019 09:18:07.16 [4740:6376:1126/081807.169:ERROR:connection_factory_impl.cc(417)] Failed to connect to MCS endpoint with error -118
nov 26, 2019 09:28:37.49 [4740:6376:1126/082837.493:ERROR:connection_factory_impl.cc(417)] Failed to connect to MCS endpoint with error -118
nov 26, 2019 09:38:12.92 [4740:6376:1126/083812.924:ERROR:connection_factory_impl.cc(417)] Failed to connect to MCS endpoint with error -106
nov 26, 2019 09:48:12.92 [4740:6376:1126/084812.926:ERROR:connection_factory_impl.cc(417)] Failed to connect to MCS endpoint with error -106
nov 26, 2019 09:58:12.92 [4740:6376:1126/085812.927:ERROR:connection_factory_impl.cc(417)] Failed to connect to MCS endpoint with error -106
nov 26, 2019 10:08:12.93 [4740:6376:1126/090812.930:ERROR:connection_factory_impl.cc(417)] Failed to connect to MCS endpoint with error -106
nov 26, 2019 10:18:12.93 [4740:6376:1126/091812.932:ERROR:connection_factory_impl.cc(417)] Failed to connect to MCS endpoint with error -106
nov 26, 2019 10:25:25.12 [4740:6376:1126/092525.120:ERROR:connection_factory_impl.cc(417)] Failed to connect to MCS endpoint with error -118
nov 26, 2019 10:31:26.36 [4740:6376:1126/093126.365:ERROR:socket_stream.cc(218)] Closing stream with result -2
nov 26, 2019 10:36:03.37 [4740:6376:1126/093603.370:ERROR:connection_factory_impl.cc(417)] Failed to connect to MCS endpoint with error -21
nov 26, 2019 10:36:05.39 [4740:6376:1126/093605.394:ERROR:connection_factory_impl.cc(417)] Failed to connect to MCS endpoint with error -106
nov 26, 2019 10:37:00.03 [4740:6376:1126/093700.030:ERROR:connection_factory_impl.cc(417)] Failed to connect to MCS endpoint with error -106
nov 26, 2019 10:38:20.70 [4740:6376:1126/093820.708:ERROR:connection_factory_impl.cc(417)] Failed to connect to MCS endpoint with error -106
nov 26, 2019 10:41:15.40 [4740:6376:1126/094115.403:ERROR:connection_factory_impl.cc(417)] Failed to connect to MCS endpoint with error -106
nov 26, 2019 11:01:25.97 [4740:6376:1126/100125.975:ERROR:connection_factory_impl.cc(417)] Failed to connect to MCS endpoint with error -106
nov 26, 2019 11:01:51.19 [4740:6376:1126/100151.197:ERROR:connection_factory_impl.cc(417)] Failed to connect to MCS endpoint with error -106
nov 26, 2019 11:02:44.74 [4740:6376:1126/100244.741:ERROR:connection_factory_impl.cc(417)] Failed to connect to MCS endpoint with error -106
nov 26, 2019 11:04:31.44 [4740:6376:1126/100431.448:ERROR:connection_factory_impl.cc(417)] Failed to connect to MCS endpoint with error -106
nov 26, 2019 11:07:37.70 [4740:6376:1126/100737.704:ERROR:connection_factory_impl.cc(417)] Failed to connect to MCS endpoint with error -106
nov 26, 2019 11:13:50.31 [4740:6376:1126/101350.313:ERROR:connection_factory_impl.cc(417)] Failed to connect to MCS endpoint with error -106
nov 26, 2019 11:23:50.31 [4740:6376:1126/102350.316:ERROR:connection_factory_impl.cc(417)] Failed to connect to MCS endpoint with error -106
nov 26, 2019 11:33:50.31 [4740:6376:1126/103350.319:ERROR:connection_factory_impl.cc(417)] Failed to connect to MCS endpoint with error -106
nov 26, 2019 11:37:55.71 [4740:6376:1126/103755.714:ERROR:connection_factory_impl.cc(417)] Failed to connect to MCS endpoint with error -105
nov 26, 2019 11:40:35.84 [4740:12168:1126/104035.841:ERROR:gcm_channel_status_request.cc(145)] GCM channel request failed.
nov 26, 2019 11:48:07.72 [4740:6376:1126/104807.726:ERROR:connection_factory_impl.cc(417)] Failed to connect to MCS endpoint with error -105
nov 26, 2019 11:52:55.58 [4740:6376:1126/105255.586:ERROR:connection_factory_impl.cc(417)] Failed to connect to MCS endpoint with error -106
nov 26, 2019 12:02:55.58 [4740:6376:1126/110255.588:ERROR:connection_factory_impl.cc(417)] Failed to connect to MCS endpoint with error -106

nov 28, 2019 09:25:35.04 NEW SESSION
nov 28, 2019 09:25:35.04 [12136:4520:1128/082535.042:ERROR:connection_factory_impl.cc(417)] Failed to connect to MCS endpoint with error -106
nov 28, 2019 09:26:02.17 [12136:4520:1128/082602.177:ERROR:connection_factory_impl.cc(417)] Failed to connect to MCS endpoint with error -106
nov 28, 2019 09:27:00.74 [12136:4520:1128/082700.747:ERROR:connection_factory_impl.cc(417)] Failed to connect to MCS endpoint with error -106
nov 28, 2019 09:28:59.64 [12136:4520:1128/082859.641:ERROR:connection_factory_impl.cc(417)] Failed to connect to MCS endpoint with error -106
nov 28, 2019 09:32:24.96 [12136:4520:1128/083224.968:ERROR:connection_factory_impl.cc(417)] Failed to connect to MCS endpoint with error -106
nov 28, 2019 09:37:48.19 [12136:4520:1128/083748.195:ERROR:connection_factory_impl.cc(417)] Failed to connect to MCS endpoint with error -106
nov 28, 2019 09:39:47.03 [14004:2908:1128/083947.035:ERROR:connection_factory_impl.cc(417)] Failed to connect to MCS endpoint with error -106
nov 28, 2019 09:40:14.91 [14004:2908:1128/084014.910:ERROR:connection_factory_impl.cc(417)] Failed to connect to MCS endpoint with error -106
nov 28, 2019 09:41:06.20 [14004:2908:1128/084106.209:ERROR:connection_factory_impl.cc(417)] Failed to connect to MCS endpoint with error -106
nov 28, 2019 09:43:05.79 [14004:2908:1128/084305.790:ERROR:connection_factory_impl.cc(417)] Failed to connect to MCS endpoint with error -106
nov 28, 2019 09:43:56.61 [14004:5852:1128/084356.617:ERROR:gcm_channel_status_request.cc(145)] GCM channel request failed.
nov 28, 2019 09:44:20.11 [14004:5852:1128/084420.114:ERROR:gcm_channel_status_request.cc(145)] GCM channel request failed.
nov 28, 2019 09:45:13.59 [14004:5852:1128/084513.592:ERROR:gcm_channel_status_request.cc(145)] GCM channel request failed.
nov 28, 2019 09:45:57.76 [14004:2908:1128/084557.766:ERROR:connection_factory_impl.cc(417)] Failed to connect to MCS endpoint with error -106
nov 28, 2019 09:46:59.22 [14004:5852:1128/084659.227:ERROR:gcm_channel_status_request.cc(145)] GCM channel request failed.
nov 28, 2019 09:51:58.01 [14004:2908:1128/085158.019:ERROR:connection_factory_impl.cc(417)] Failed to connect to MCS endpoint with error -106
nov 28, 2019 09:52:25.88 [14004:2908:1128/085225.883:ERROR:connection_factory_impl.cc(417)] Failed to connect to MCS endpoint with error -106
nov 28, 2019 09:53:19.49 [14004:2908:1128/085319.490:ERROR:connection_factory_impl.cc(417)] Failed to connect to MCS endpoint with error -106
nov 28, 2019 09:54:25.93 [12496:5804:1128/085425.933:ERROR:connection_factory_impl.cc(417)] Failed to connect to MCS endpoint with error -106
nov 28, 2019 09:54:54.91 [12496:5804:1128/085454.911:ERROR:connection_factory_impl.cc(417)] Failed to connect to MCS endpoint with error -106
nov 28, 2019 09:55:42.43 [12496:5804:1128/085542.435:ERROR:connection_factory_impl.cc(417)] Failed to connect to MCS endpoint with error -106
nov 28, 2019 09:57:07.56 [12496:5804:1128/085707.559:ERROR:connection_factory_impl.cc(417)] Failed to connect to MCS endpoint with error -106
nov 28, 2019 10:00:16.18 [12496:5804:1128/090016.183:ERROR:connection_factory_impl.cc(417)] Failed to connect to MCS endpoint with error -106
nov 28, 2019 10:07:31.30 [12496:5804:1128/090731.308:ERROR:connection_factory_impl.cc(417)] Failed to connect to MCS endpoint with error -106
nov 28, 2019 10:21:30.21 [12496:5804:1128/092130.211:ERROR:connection_factory_impl.cc(417)] Failed to connect to MCS endpoint with error -106
nov 28, 2019 10:36:00.19 [9912:2028:1128/093600.198:ERROR:connection_factory_impl.cc(417)] Failed to connect to MCS endpoint with error -106
nov 28, 2019 10:36:24.61 [9912:2028:1128/093624.618:ERROR:connection_factory_impl.cc(417)] Failed to connect to MCS endpoint with error -106
nov 28, 2019 10:37:07.96 [9912:2028:1128/093707.963:ERROR:connection_factory_impl.cc(417)] Failed to connect to MCS endpoint with error -106
nov 28, 2019 10:38:46.85 [9912:2028:1128/093846.849:ERROR:connection_factory_impl.cc(417)] Failed to connect to MCS endpoint with error -106
nov 28, 2019 10:42:35.61 [9912:2028:1128/094235.611:ERROR:connection_factory_impl.cc(417)] Failed to connect to MCS endpoint with error -106
nov 28, 2019 10:48:17.77 [9912:2028:1128/094817.775:ERROR:connection_factory_impl.cc(417)] Failed to connect to MCS endpoint with error -106
nov 28, 2019 10:57:34.38 [9912:2028:1128/095734.383:ERROR:connection_factory_impl.cc(417)] Failed to connect to MCS endpoint with error -21
nov 28, 2019 11:24:48.89 [9912:2028:1128/102448.893:ERROR:connection_factory_impl.cc(417)] Failed to connect to MCS endpoint with error -106
nov 28, 2019 11:25:14.07 [9912:2028:1128/102514.075:ERROR:connection_factory_impl.cc(417)] Failed to connect to MCS endpoint with error -106
nov 28, 2019 11:26:10.70 [9912:2028:1128/102610.700:ERROR:connection_factory_impl.cc(417)] Failed to connect to MCS endpoint with error -106
nov 28, 2019 11:27:46.36 [9912:2028:1128/102746.362:ERROR:connection_factory_impl.cc(417)] Failed to connect to MCS endpoint with error -106
nov 28, 2019 11:31:13.22 [9912:2028:1128/103113.228:ERROR:connection_factory_impl.cc(417)] Failed to connect to MCS endpoint with error -106
nov 28, 2019 11:51:10.85 [9912:2028:1128/105110.855:ERROR:connection_factory_impl.cc(417)] Failed to connect to MCS endpoint with error -106
nov 28, 2019 11:51:36.68 [9912:2028:1128/105136.686:ERROR:connection_factory_impl.cc(417)] Failed to connect to MCS endpoint with error -106
nov 28, 2019 11:52:19.77 [9912:2028:1128/105219.770:ERROR:connection_factory_impl.cc(417)] Failed to connect to MCS endpoint with error -118
nov 28, 2019 11:53:26.94 [9912:2028:1128/105326.947:ERROR:connection_factory_impl.cc(417)] Failed to connect to MCS endpoint with error -106
nov 28, 2019 11:57:02.51 [9912:2028:1128/105702.516:ERROR:connection_factory_impl.cc(417)] Failed to connect to MCS endpoint with error -106
nov 28, 2019 11:59:58.79 [9912:2028:1128/105958.791:ERROR:connection_factory_impl.cc(417)] Failed to connect to MCS endpoint with error -106

dez 03, 2019 08:58:29.80 NEW SESSION
dez 03, 2019 08:58:29.80 [11380:10904:1203/075829.798:ERROR:connection_factory_impl.cc(417)] Failed to connect to MCS endpoint with error -106
dez 03, 2019 09:11:17.67 [11100:10684:1203/081117.678:ERROR:connection_factory_impl.cc(417)] Failed to connect to MCS endpoint with error -106
dez 03, 2019 09:11:45.45 [11100:10684:1203/081145.456:ERROR:connection_factory_impl.cc(417)] Failed to connect to MCS endpoint with error -106
dez 03, 2019 09:12:44.30 [11100:10684:1203/081244.300:ERROR:connection_factory_impl.cc(417)] Failed to connect to MCS endpoint with error -106
dez 03, 2019 09:14:43.66 [11100:10684:1203/081443.663:ERROR:connection_factory_impl.cc(417)] Failed to connect to MCS endpoint with error -106
dez 03, 2019 09:17:53.18 [11100:10684:1203/081753.187:ERROR:connection_factory_impl.cc(417)] Failed to connect to MCS endpoint with error -106
dez 03, 2019 09:21:28.35 [6956:1460:1203/082128.356:ERROR:connection_factory_impl.cc(417)] Failed to connect to MCS endpoint with error -106
dez 03, 2019 09:21:48.60 [6956:1460:1203/082148.605:ERROR:connection_factory_impl.cc(417)] Failed to connect to MCS endpoint with error -106
dez 03, 2019 09:22:30.67 [6956:1460:1203/082230.678:ERROR:connection_factory_impl.cc(417)] Failed to connect to MCS endpoint with error -106
dez 03, 2019 09:24:09.70 [6956:1460:1203/082409.703:ERROR:connection_factory_impl.cc(417)] Failed to connect to MCS endpoint with error -106
dez 03, 2019 09:27:38.19 [6956:1460:1203/082738.197:ERROR:connection_factory_impl.cc(417)] Failed to connect to MCS endpoint with error -106
dez 03, 2019 09:39:33.46 [13264:912:1203/083933.464:ERROR:connection_factory_impl.cc(417)] Failed to connect to MCS endpoint with error -118
dez 03, 2019 10:12:34.26 [13264:912:1203/091234.263:ERROR:connection_factory_impl.cc(417)] Failed to connect to MCS endpoint with error -106
dez 03, 2019 10:13:02.59 [13264:912:1203/091302.597:ERROR:connection_factory_impl.cc(417)] Failed to connect to MCS endpoint with error -106
dez 03, 2019 10:13:54.78 [13264:912:1203/091354.789:ERROR:connection_factory_impl.cc(417)] Failed to connect to MCS endpoint with error -106
dez 03, 2019 10:15:39.40 [13264:912:1203/091539.407:ERROR:connection_factory_impl.cc(417)] Failed to connect to MCS endpoint with error -106
dez 03, 2019 10:19:26.56 [13264:912:1203/091926.563:ERROR:connection_factory_impl.cc(417)] Failed to connect to MCS endpoint with error -106
dez 03, 2019 10:27:19.76 [13264:912:1203/092719.767:ERROR:connection_factory_impl.cc(417)] Failed to connect to MCS endpoint with error -106
dez 03, 2019 10:37:19.77 [13264:912:1203/093719.770:ERROR:connection_factory_impl.cc(417)] Failed to connect to MCS endpoint with error -106
dez 03, 2019 10:40:42.70 [2524:17404:1203/094042.704:ERROR:connection_factory_impl.cc(417)] Failed to connect to MCS endpoint with error -106
dez 03, 2019 10:41:03.76 [2524:17404:1203/094103.764:ERROR:connection_factory_impl.cc(417)] Failed to connect to MCS endpoint with error -106
dez 03, 2019 10:41:50.19 [2524:17404:1203/094150.198:ERROR:connection_factory_impl.cc(417)] Failed to connect to MCS endpoint with error -106
dez 03, 2019 10:43:44.47 [2524:17404:1203/094344.477:ERROR:connection_factory_impl.cc(417)] Failed to connect to MCS endpoint with error -106
dez 03, 2019 10:47:06.38 [2524:17404:1203/094706.383:ERROR:connection_factory_impl.cc(417)] Failed to connect to MCS endpoint with error -106
dez 03, 2019 10:53:12.74 [2524:17404:1203/095312.746:ERROR:connection_factory_impl.cc(417)] Failed to connect to MCS endpoint with error -106
dez 03, 2019 11:03:12.74 [2524:17404:1203/100312.749:ERROR:connection_factory_impl.cc(417)] Failed to connect to MCS endpoint with error -106
dez 03, 2019 11:13:12.75 [2524:17404:1203/101312.751:ERROR:connection_factory_impl.cc(417)] Failed to connect to MCS endpoint with error -106
dez 03, 2019 11:22:15.27 [2524:17404:1203/102215.271:ERROR:connection_factory_impl.cc(417)] Failed to connect to MCS endpoint with error -118
dez 03, 2019 11:25:23.74 [2524:17404:1203/102523.740:ERROR:connection_factory_impl.cc(417)] Failed to connect to MCS endpoint with error -106
dez 03, 2019 11:26:27.80 [2524:17404:1203/102627.809:ERROR:connection_factory_impl.cc(417)] Failed to connect to MCS endpoint with error -118
dez 03, 2019 11:33:41.58 [7016:14976:1203/103341.580:ERROR:connection_factory_impl.cc(417)] Failed to connect to MCS endpoint with error -118
dez 03, 2019 11:39:22.97 [7348:15512:1203/103922.978:ERROR:connection_factory_impl.cc(417)] Failed to connect to MCS endpoint with error -118
dez 03, 2019 11:52:34.06 [7348:15512:1203/105234.062:ERROR:connection_factory_impl.cc(417)] Failed to connect to MCS endpoint with error -106
dez 03, 2019 11:52:56.14 [7348:15512:1203/105256.145:ERROR:connection_factory_impl.cc(417)] Failed to connect to MCS endpoint with error -106
dez 03, 2019 11:53:47.38 [7348:15512:1203/105347.387:ERROR:connection_factory_impl.cc(417)] Failed to connect to MCS endpoint with error -118

dez 03, 2019 14:46:25.15 NEW SESSION
dez 03, 2019 14:46:25.15 [13344:7288:1203/134625.154:ERROR:connection_factory_impl.cc(417)] Failed to connect to MCS endpoint with error -118
dez 03, 2019 14:53:34.87 [7360:8288:1203/135334.876:ERROR:connection_factory_impl.cc(417)] Failed to connect to MCS endpoint with error -118
dez 03, 2019 14:56:01.94 [11508:11968:1203/135601.948:ERROR:connection_factory_impl.cc(417)] Failed to connect to MCS endpoint with error -118
dez 03, 2019 15:01:08.25 [4680:9472:1203/140108.251:ERROR:connection_factory_impl.cc(417)] Failed to connect to MCS endpoint with error -118

dez 04, 2019 10:00:58.82 NEW SESSION
dez 04, 2019 10:00:58.82 [3124:3448:1204/090058.828:ERROR:connection_factory_impl.cc(417)] Failed to connect to MCS endpoint with error -106

dez 10, 2019 15:56:59.67 NEW SESSION
dez 10, 2019 15:56:59.67 [13416:10156:1210/145659.678:ERROR:connection_factory_impl.cc(417)] Failed to connect to MCS endpoint with error -106
dez 10, 2019 15:57:28.35 [12640:15492:1210/145728.350:ERROR:connection_factory_impl.cc(417)] Failed to connect to MCS endpoint with error -106
dez 10, 2019 15:57:48.00 [644:19364:1210/145748.008:ERROR:connection_factory_impl.cc(417)] Failed to connect to MCS endpoint with error -106
dez 10, 2019 16:01:03.78 [4740:15004:1210/150103.788:ERROR:connection_factory_impl.cc(417)] Failed to connect to MCS endpoint with error -106
dez 10, 2019 16:01:25.75 [4740:15004:1210/150125.752:ERROR:connection_factory_impl.cc(417)] Failed to connect to MCS endpoint with error -106

dez 11, 2019 08:52:05.86 NEW SESSION
dez 11, 2019 08:52:05.86 [7880:6820:1211/075205.866:ERROR:connection_factory_impl.cc(417)] Failed to connect to MCS endpoint with error -118
dez 11, 2019 09:21:23.13 [7880:6820:1211/082123.131:ERROR:connection_factory_impl.cc(417)] Failed to connect to MCS endpoint with error -118

dez 11, 2019 10:44:09.99 NEW SESSION
dez 11, 2019 10:44:09.99 [13800:10056:1211/094409.989:ERROR:connection_factory_impl.cc(417)] Failed to connect to MCS endpoint with error -118
dez 11, 2019 10:48:00.09 [13432:7324:1211/094800.090:ERROR:connection_factory_impl.cc(417)] Failed to connect to MCS endpoint with error -118
dez 11, 2019 11:01:06.61 [15740:15124:1211/100106.617:ERROR:connection_factory_impl.cc(417)] Failed to connect to MCS endpoint with error -118
dez 11, 2019 11:09:59.77 [11488:3504:1211/100959.773:ERROR:connection_factory_impl.cc(417)] Failed to connect to MCS endpoint with error -105
dez 11, 2019 11:10:23.43 [11488:3504:1211/101023.436:ERROR:connection_factory_impl.cc(417)] Failed to connect to MCS endpoint with error -105
dez 11, 2019 11:10:52.94 [7812:16824:1211/101052.941:ERROR:connection_factory_impl.cc(417)] Failed to connect to MCS endpoint with error -105
dez 11, 2019 11:25:07.09 [2124:4072:1211/102507.099:ERROR:connection_factory_impl.cc(417)] Failed to connect to MCS endpoint with error -105

dez 13, 2019 08:52:07.96 NEW SESSION
dez 13, 2019 08:52:07.97 [3144:13864:1213/075207.965:ERROR:connection_factory_impl.cc(418)] Failed to connect to MCS endpoint with error -106
dez 13, 2019 08:52:28.08 [3144:13864:1213/075228.081:ERROR:connection_factory_impl.cc(418)] Failed to connect to MCS endpoint with error -106

dez 16, 2019 08:46:35.72 NEW SESSION
dez 16, 2019 08:46:35.72 [21032:20592:1216/074635.726:ERROR:connection_factory_impl.cc(418)] Failed to connect to MCS endpoint with error -118
dez 16, 2019 08:47:57.63 [21032:20592:1216/074757.634:ERROR:connection_factory_impl.cc(418)] Failed to connect to MCS endpoint with error -106
dez 16, 2019 08:48:23.21 [21032:20592:1216/074823.213:ERROR:connection_factory_impl.cc(418)] Failed to connect to MCS endpoint with error -106
dez 16, 2019 08:49:03.71 [21032:20592:1216/074903.712:ERROR:connection_factory_impl.cc(418)] Failed to connect to MCS endpoint with error -106
dez 16, 2019 08:50:26.78 [21032:20592:1216/075026.783:ERROR:connection_factory_impl.cc(418)] Failed to connect to MCS endpoint with error -106
dez 16, 2019 08:50:53.59 [21032:20592:1216/075053.590:ERROR:connection_factory_impl.cc(418)] Failed to connect to MCS endpoint with error -106
dez 16, 2019 08:52:06.61 [21032:20592:1216/075206.613:ERROR:connection_factory_impl.cc(418)] Failed to connect to MCS endpoint with error -118
dez 16, 2019 09:05:10.44 [21032:20592:1216/080510.449:ERROR:connection_factory_impl.cc(418)] Failed to connect to MCS endpoint with error -106
dez 16, 2019 09:05:40.35 [21032:20592:1216/080540.352:ERROR:connection_factory_impl.cc(418)] Failed to connect to MCS endpoint with error -106
dez 16, 2019 09:06:51.92 [21032:20592:1216/080651.929:ERROR:connection_factory_impl.cc(418)] Failed to connect to MCS endpoint with error -118
dez 16, 2019 10:21:31.40 [21032:20592:1216/092131.407:ERROR:socket_stream.cc(218)] Closing stream with result -2
dez 16, 2019 10:22:13.81 [21032:20592:1216/092213.812:ERROR:connection_factory_impl.cc(418)] Failed to connect to MCS endpoint with error -118
dez 16, 2019 10:24:30.53 [5884:11680:1216/092430.538:ERROR:connection_factory_impl.cc(418)] Failed to connect to MCS endpoint with error -118
dez 16, 2019 10:25:18.81 [4592:19516:1216/092518.812:ERROR:connection_factory_impl.cc(418)] Failed to connect to MCS endpoint with error -118
dez 16, 2019 10:28:02.98 [13040:804:1216/092802.987:ERROR:connection_factory_impl.cc(418)] Failed to connect to MCS endpoint with error -118
dez 16, 2019 10:35:51.25 [9008:1880:1216/093551.252:ERROR:connection_factory_impl.cc(418)] Failed to connect to MCS endpoint with error -118
dez 16, 2019 10:38:58.01 [7868:9752:1216/093858.017:ERROR:connection_factory_impl.cc(418)] Failed to connect to MCS endpoint with error -118
dez 16, 2019 10:55:53.64 [2728:12300:1216/095553.646:ERROR:connection_factory_impl.cc(418)] Failed to connect to MCS endpoint with error -118
dez 16, 2019 11:11:28.84 [15504:17628:1216/101128.847:ERROR:connection_factory_impl.cc(418)] Failed to connect to MCS endpoint with error -118

dez 16, 2019 11:17:39.97 NEW SESSION
dez 16, 2019 11:17:39.97 [18816:20908:1216/101739.971:ERROR:connection_factory_impl.cc(418)] Failed to connect to MCS endpoint with error -106
dez 16, 2019 11:17:40.25 [18816:20908:1216/101740.256:ERROR:connection_factory_impl.cc(418)] Failed to connect to MCS endpoint with error -106
dez 16, 2019 11:18:34.83 [18816:20908:1216/101834.836:ERROR:connection_factory_impl.cc(418)] Failed to connect to MCS endpoint with error -106
dez 16, 2019 11:21:59.74 [9868:5376:1216/102159.740:ERROR:connection_factory_impl.cc(418)] Failed to connect to MCS endpoint with error -118
dez 16, 2019 11:34:35.40 [19436:5884:1216/103435.401:ERROR:connection_factory_impl.cc(418)] Failed to connect to MCS endpoint with error -118
dez 16, 2019 11:43:52.04 [19436:5884:1216/104352.044:ERROR:connection_factory_impl.cc(418)] Failed to connect to MCS endpoint with error -106
dez 16, 2019 11:44:18.38 [19436:5884:1216/104418.387:ERROR:connection_factory_impl.cc(418)] Failed to connect to MCS endpoint with error -106
dez 16, 2019 11:45:27.75 [19436:5884:1216/104527.754:ERROR:connection_factory_impl.cc(418)] Failed to connect to MCS endpoint with error -118

dez 16, 2019 18:37:00.85 NEW SESSION
dez 16, 2019 18:37:00.85 [2368:15684:1216/173700.846:ERROR:socket_stream.cc(218)] Closing stream with result -2

dez 16, 2019 23:19:04.56 NEW SESSION
dez 16, 2019 23:19:04.56 [12528:13804:1216/221904.555:ERROR:socket_stream.cc(218)] Closing stream with result -2
dez 16, 2019 23:26:38.16 [12528:13804:1216/222638.162:ERROR:connection_handler_impl.cc(477)] Timed out waiting for GCM Protocol buffer.

dez 17, 2019 08:22:34.27 NEW SESSION
dez 17, 2019 08:22:34.27 [724:14864:1217/072234.275:ERROR:connection_factory_impl.cc(418)] Failed to connect to MCS endpoint with error -118
dez 17, 2019 08:27:40.41 [7776:6140:1217/072740.410:ERROR:connection_factory_impl.cc(418)] Failed to connect to MCS endpoint with error -118
dez 17, 2019 08:28:21.77 [11580:4688:1217/072821.775:ERROR:connection_factory_impl.cc(418)] Failed to connect to MCS endpoint with error -118
dez 17, 2019 08:43:19.09 [16256:17100:1217/074319.095:ERROR:connection_factory_impl.cc(418)] Failed to connect to MCS endpoint with error -106
dez 17, 2019 08:43:41.12 [16256:17100:1217/074341.121:ERROR:connection_factory_impl.cc(418)] Failed to connect to MCS endpoint with error -106
dez 17, 2019 08:44:39.59 [16256:17100:1217/074439.593:ERROR:connection_factory_impl.cc(418)] Failed to connect to MCS endpoint with error -106
dez 17, 2019 08:45:15.60 [14096:3352:1217/074515.602:ERROR:connection_factory_impl.cc(418)] Failed to connect to MCS endpoint with error -106
dez 17, 2019 08:45:39.44 [14096:3352:1217/074539.441:ERROR:connection_factory_impl.cc(418)] Failed to connect to MCS endpoint with error -106
dez 17, 2019 08:46:38.37 [14096:3352:1217/074638.374:ERROR:connection_factory_impl.cc(418)] Failed to connect to MCS endpoint with error -106
dez 17, 2019 08:47:35.13 [14096:16996:1217/074735.132:ERROR:gcm_channel_status_request.cc(145)] GCM channel request failed.
dez 17, 2019 08:48:01.13 [14096:16996:1217/074801.135:ERROR:gcm_channel_status_request.cc(145)] GCM channel request failed.
dez 17, 2019 08:48:18.40 [14096:3352:1217/074818.403:ERROR:connection_factory_impl.cc(418)] Failed to connect to MCS endpoint with error -106
dez 17, 2019 08:48:53.65 [14096:16996:1217/074853.655:ERROR:gcm_channel_status_request.cc(145)] GCM channel request failed.
dez 17, 2019 08:50:28.19 [7140:15916:1217/075028.199:ERROR:connection_factory_impl.cc(418)] Failed to connect to MCS endpoint with error -106
dez 17, 2019 08:58:00.02 [14116:8188:1217/075800.029:ERROR:connection_factory_impl.cc(418)] Failed to connect to MCS endpoint with error -106
dez 17, 2019 08:58:25.91 [3192:10136:1217/075825.918:ERROR:connection_factory_impl.cc(418)] Failed to connect to MCS endpoint with error -106
dez 17, 2019 08:58:50.69 [3192:10136:1217/075850.696:ERROR:connection_factory_impl.cc(418)] Failed to connect to MCS endpoint with error -106
dez 17, 2019 09:19:16.93 [4132:13500:1217/081916.933:ERROR:connection_factory_impl.cc(418)] Failed to connect to MCS endpoint with error -106
dez 17, 2019 09:19:41.17 [4132:13500:1217/081941.177:ERROR:connection_factory_impl.cc(418)] Failed to connect to MCS endpoint with error -106
dez 17, 2019 09:20:33.02 [4132:13500:1217/082033.026:ERROR:connection_factory_impl.cc(418)] Failed to connect to MCS endpoint with error -106
dez 17, 2019 09:21:56.28 [4132:13500:1217/082156.282:ERROR:connection_factory_impl.cc(418)] Failed to connect to MCS endpoint with error -106
dez 17, 2019 09:25:47.48 [4132:13500:1217/082547.481:ERROR:connection_factory_impl.cc(418)] Failed to connect to MCS endpoint with error -106
dez 17, 2019 09:31:31.31 [4132:13500:1217/083131.311:ERROR:connection_factory_impl.cc(418)] Failed to connect to MCS endpoint with error -106
dez 17, 2019 09:32:24.55 [4132:6544:1217/083224.551:ERROR:gcm_channel_status_request.cc(145)] GCM channel request failed.
dez 17, 2019 09:32:47.92 [4132:6544:1217/083247.920:ERROR:gcm_channel_status_request.cc(145)] GCM channel request failed.
dez 17, 2019 09:33:34.26 [4132:6544:1217/083334.264:ERROR:gcm_channel_status_request.cc(145)] GCM channel request failed.
dez 17, 2019 09:35:16.06 [4132:6544:1217/083516.064:ERROR:gcm_channel_status_request.cc(145)] GCM channel request failed.
dez 17, 2019 09:37:54.15 [140:10988:1217/083754.156:ERROR:connection_factory_impl.cc(418)] Failed to connect to MCS endpoint with error -106
dez 17, 2019 09:38:15.00 [140:10988:1217/083815.002:ERROR:connection_factory_impl.cc(418)] Failed to connect to MCS endpoint with error -106
dez 17, 2019 09:38:58.17 [140:10988:1217/083858.171:ERROR:connection_factory_impl.cc(418)] Failed to connect to MCS endpoint with error -106
dez 17, 2019 09:40:28.41 [140:10988:1217/084028.412:ERROR:connection_factory_impl.cc(418)] Failed to connect to MCS endpoint with error -106
dez 17, 2019 09:44:01.05 [140:10988:1217/084401.056:ERROR:connection_factory_impl.cc(418)] Failed to connect to MCS endpoint with error -106
